<?xml version="1.0" encoding="UTF-8"?>
<!-- Generated by org.testng.reporters.JUnitXMLReporter -->
<testsuite hostname="Nagarjuna-Y" ignored="0" name="ChromeBrowser" tests="3" failures="0" timestamp="03 Dec 2019 12:54:55 GMT" time="245.647" errors="0">
  <testcase name="a_ActivityOption" time="199.133" classname="com.test.automation.FMSV12_Japan.vehiclereports.TC206_VerifyActivity_HarshBreakReport"/>
  <testcase name="b_ViolationCount" time="7.539" classname="com.test.automation.FMSV12_Japan.vehiclereports.TC206_VerifyActivity_HarshBreakReport"/>
  <testcase name="d_HarshBreak" time="7.314" classname="com.test.automation.FMSV12_Japan.vehiclereports.TC206_VerifyActivity_HarshBreakReport"/>
</testsuite> <!-- ChromeBrowser -->
