<?xml version="1.0" encoding="UTF-8"?>
<!-- Generated by org.testng.reporters.JUnitXMLReporter -->
<testsuite hostname="Nagarjuna-Y" ignored="0" name="ChromeBrowser" tests="6" failures="0" timestamp="05 Dec 2019 12:33:49 GMT" time="1376.066" errors="0">
  <testcase name="ActivityOption_harshBreakReport" time="204.932" classname="com.test.automation.FMSV12_Japan.vehiclereports.TC208_VerifyActivity_HarshAccelerationReport"/>
  <testcase name="ActivityOption_unauthorizedStopReport" time="200.09" classname="com.test.automation.FMSV12_Japan.vehiclereports.TC209_VerifyActivity_UnauthorizedStopReport"/>
  <testcase name="ActivityOption_unauthorizedRoadReport" time="200.929" classname="com.test.automation.FMSV12_Japan.vehiclereports.TC210_VerifyActivity_UnauthorizedRoadReport"/>
  <testcase name="ActivityOption_idleReport" time="200.091" classname="com.test.automation.FMSV12_Japan.vehiclereports.TC211_VerifyActivity_IdleReport"/>
  <testcase name="ActivityOption_dynamicTripSummaryReport" time="203.005" classname="com.test.automation.FMSV12_Japan.vehiclereports.TC212_VerifyActivity_DynamicTripSummaryReport"/>
  <testcase name="ActivityOption_workandDriveHourReport" time="199.967" classname="com.test.automation.FMSV12_Japan.vehiclereports.TC213_VerifyActivity_WorkandDriveHourReport"/>
</testsuite> <!-- ChromeBrowser -->
