<?xml version="1.0" encoding="UTF-8"?>
<testng-results skipped="0" failed="0" ignored="0" total="6" passed="6">
  <reporter-output>
    <line>
      <![CDATA[Test is started:ActivityOption_harshBreakReport]]>
    </line>
    <line>
      <![CDATA[=========>Started--->Verifying Activity Report->Harsh Break Report]]>
    </line>
    <line>
      <![CDATA[Entered login id====>>Meiko and object is[[ChromeDriver: chrome on XP (4b942f598b187d94e368cf6f4577e94a)] -> xpath: //*[@id='username']]]]>
    </line>
    <line>
      <![CDATA[Entered password====>>welcome and object is[[ChromeDriver: chrome on XP (4b942f598b187d94e368cf6f4577e94a)] -> xpath: //*[@id='password']]]]>
    </line>
    <line>
      <![CDATA[Clicked on submit button isProxy element for: DefaultElementLocator 'By.cssSelector: button[type='submit']']]>
    </line>
    <line>
      <![CDATA[Dashboard Window Title: FMS - Dashboard | General]]>
    </line>
    <line>
      <![CDATA[Clicked on hamburger icon id====>>[[ChromeDriver: chrome on XP (4b942f598b187d94e368cf6f4577e94a)] -> xpath: //div[@class='sidebar-toggler hidden-phone']] and object is[[ChromeDriver: chrome on XP (4b942f598b187d94e368cf6f4577e94a)] -> xpath: //div[@class='sidebar-toggler hidden-phone']]]]>
    </line>
    <line>
      <![CDATA[Clicked on master id====>>[[ChromeDriver: chrome on XP (4b942f598b187d94e368cf6f4577e94a)] -> xpath: //li[@id='lnk3']/a] and object is[[ChromeDriver: chrome on XP (4b942f598b187d94e368cf6f4577e94a)] -> xpath: //li[@id='lnk3']/a]]]>
    </line>
    <line>
      <![CDATA[Clicked on general id====>>[[ChromeDriver: chrome on XP (4b942f598b187d94e368cf6f4577e94a)] -> xpath: //li[@id='lnk24']/a] and object is[[ChromeDriver: chrome on XP (4b942f598b187d94e368cf6f4577e94a)] -> xpath: //li[@id='lnk24']/a]]]>
    </line>
    <line>
      <![CDATA[Clicked on activity id====>>[[ChromeDriver: chrome on XP (4b942f598b187d94e368cf6f4577e94a)] -> xpath: //li[@id='lnk30']/a] and object is[[ChromeDriver: chrome on XP (4b942f598b187d94e368cf6f4577e94a)] -> xpath: //li[@id='lnk30']/a]]]>
    </line>
    <line>
      <![CDATA[Parent Window Title: FMS - Reports|Activity Report]]>
    </line>
    <line>
      <![CDATA[Entered from Date]]>
    </line>
    <line>
      <![CDATA[Entered to Date]]>
    </line>
    <line>
      <![CDATA[Clicked on select Vehicle dropdow]]>
    </line>
    <line>
      <![CDATA[Selected Vehicle from vehicle dropdown====>>Proxy element for: DefaultElementLocator 'By.cssSelector: #select2-drop > ul > li:nth-child(1) > div' and object isProxy element for: DefaultElementLocator 'By.cssSelector: #select2-drop > ul > li:nth-child(1) > div']]>
    </line>
    <line>
      <![CDATA[Clicked on Pagination id====>>[[ChromeDriver: chrome on XP (4b942f598b187d94e368cf6f4577e94a)] -> xpath: //*[@id='pageassociated']/div] and object is[[ChromeDriver: chrome on XP (4b942f598b187d94e368cf6f4577e94a)] -> xpath: //*[@id='pageassociated']/div]]]>
    </line>
    <line>
      <![CDATA[Clicked on generateReport id====>>[[ChromeDriver: chrome on XP (4b942f598b187d94e368cf6f4577e94a)] -> xpath: //button[@id='generateReport']] and object is[[ChromeDriver: chrome on XP (4b942f598b187d94e368cf6f4577e94a)] -> xpath: //button[@id='generateReport']]]]>
    </line>
    <line>
      <![CDATA[Clicked on Violation count hyper link]]>
    </line>
    <line>
      <![CDATA[Switching to Child Window: CDwindow-1E2768412FD4198277409AE60EF577BF]]>
    </line>
    <line>
      <![CDATA[Child Window Title: FMS - Reports|Daily Violation Report]]>
    </line>
    <line>
      <![CDATA[Clicked on Harsh Acceleration Report hyper link]]>
    </line>
    <line>
      <![CDATA[Switching to Sub Child Window: CDwindow-84743A03B9BD8689373308A899A21003]]>
    </line>
    <line>
      <![CDATA[Sub Child Window Title: FMS - Reports|Harsh Acceleration Report]]>
    </line>
    <line>
      <![CDATA[Scrolling page]]>
    </line>
    <line>
      <![CDATA[Total Number of columns count in a table: 7]]>
    </line>
    <line>
      <![CDATA[Total Number of rows count in a table: 1]]>
    </line>
    <line>
      <![CDATA[=========>Finished--->Verifying Activity Report->Harsh Break Report]]>
    </line>
    <line>
      <![CDATA[<a href='C:\Users\nagarjuna\git\MDVR_Meiko\FMSV12_Japan\src\main\java\com\test\automation\FMSV12_Japan\failure_screenshots\ActivityOption_harshBreakReport_05_12_2019_05_44_45.png'> <img src='C:\Users\nagarjuna\git\MDVR_Meiko\FMSV12_Japan\src\main\java\com\test\automation\FMSV12_Japan\failure_screenshots\ActivityOption_harshBreakReport_05_12_2019_05_44_45.png' height='100' width='100'/> </a>]]>
    </line>
    <line>
      <![CDATA[<a href='C:\src\main\java\com\test\automation\FMSV12_Japan\screenshot\Screenshot-05_12_2019_05_44_46.png'><img src='C:\src\main\java\com\test\automation\FMSV12_Japan\screenshot\Screenshot-05_12_2019_05_44_46.png' height='100' width='100'/></a>]]>
    </line>
    <line>
      <![CDATA[Test is started:ActivityOption_unauthorizedStopReport]]>
    </line>
    <line>
      <![CDATA[=========>Started--->Verifying Activity Report->Unauthorized Stop Report]]>
    </line>
    <line>
      <![CDATA[Entered login id====>>Meiko and object is[[ChromeDriver: chrome on XP (af54d2a56c67810d0cfb29df4c2c3721)] -> xpath: //*[@id='username']]]]>
    </line>
    <line>
      <![CDATA[Entered password====>>welcome and object is[[ChromeDriver: chrome on XP (af54d2a56c67810d0cfb29df4c2c3721)] -> xpath: //*[@id='password']]]]>
    </line>
    <line>
      <![CDATA[Clicked on submit button isProxy element for: DefaultElementLocator 'By.cssSelector: button[type='submit']']]>
    </line>
    <line>
      <![CDATA[Dashboard Window Title: FMS - Dashboard | General]]>
    </line>
    <line>
      <![CDATA[Clicked on hamburger icon id====>>[[ChromeDriver: chrome on XP (af54d2a56c67810d0cfb29df4c2c3721)] -> xpath: //div[@class='sidebar-toggler hidden-phone']] and object is[[ChromeDriver: chrome on XP (af54d2a56c67810d0cfb29df4c2c3721)] -> xpath: //div[@class='sidebar-toggler hidden-phone']]]]>
    </line>
    <line>
      <![CDATA[Clicked on master id====>>[[ChromeDriver: chrome on XP (af54d2a56c67810d0cfb29df4c2c3721)] -> xpath: //li[@id='lnk3']/a] and object is[[ChromeDriver: chrome on XP (af54d2a56c67810d0cfb29df4c2c3721)] -> xpath: //li[@id='lnk3']/a]]]>
    </line>
    <line>
      <![CDATA[Clicked on general id====>>[[ChromeDriver: chrome on XP (af54d2a56c67810d0cfb29df4c2c3721)] -> xpath: //li[@id='lnk24']/a] and object is[[ChromeDriver: chrome on XP (af54d2a56c67810d0cfb29df4c2c3721)] -> xpath: //li[@id='lnk24']/a]]]>
    </line>
    <line>
      <![CDATA[Clicked on activity id====>>[[ChromeDriver: chrome on XP (af54d2a56c67810d0cfb29df4c2c3721)] -> xpath: //li[@id='lnk30']/a] and object is[[ChromeDriver: chrome on XP (af54d2a56c67810d0cfb29df4c2c3721)] -> xpath: //li[@id='lnk30']/a]]]>
    </line>
    <line>
      <![CDATA[Parent Window Title: FMS - Reports|Activity Report]]>
    </line>
    <line>
      <![CDATA[Entered from Date]]>
    </line>
    <line>
      <![CDATA[Entered to Date]]>
    </line>
    <line>
      <![CDATA[Clicked on select Vehicle dropdow]]>
    </line>
    <line>
      <![CDATA[Selected Vehicle from vehicle dropdown====>>Proxy element for: DefaultElementLocator 'By.cssSelector: #select2-drop > ul > li:nth-child(1) > div' and object isProxy element for: DefaultElementLocator 'By.cssSelector: #select2-drop > ul > li:nth-child(1) > div']]>
    </line>
    <line>
      <![CDATA[Clicked on Pagination id====>>[[ChromeDriver: chrome on XP (af54d2a56c67810d0cfb29df4c2c3721)] -> xpath: //*[@id='pageassociated']/div] and object is[[ChromeDriver: chrome on XP (af54d2a56c67810d0cfb29df4c2c3721)] -> xpath: //*[@id='pageassociated']/div]]]>
    </line>
    <line>
      <![CDATA[Clicked on generateReport id====>>[[ChromeDriver: chrome on XP (af54d2a56c67810d0cfb29df4c2c3721)] -> xpath: //button[@id='generateReport']] and object is[[ChromeDriver: chrome on XP (af54d2a56c67810d0cfb29df4c2c3721)] -> xpath: //button[@id='generateReport']]]]>
    </line>
    <line>
      <![CDATA[Clicked on Violation count hyper link]]>
    </line>
    <line>
      <![CDATA[Switching to Child Window: CDwindow-9B060A0A26940048C89427E1CC33992D]]>
    </line>
    <line>
      <![CDATA[Child Window Title: FMS - Reports|Daily Violation Report]]>
    </line>
    <line>
      <![CDATA[Clicked on Unauthorized Stop Report hyper link]]>
    </line>
    <line>
      <![CDATA[Switching to Sub Child Window: CDwindow-12E6CAE3A0A6DDF2620D921D1B0099C8]]>
    </line>
    <line>
      <![CDATA[Sub Child Window Title: FMS - Reports|Unauthorized Stop Report]]>
    </line>
    <line>
      <![CDATA[Scrolling page]]>
    </line>
    <line>
      <![CDATA[Total Number of columns count in a table: 8]]>
    </line>
    <line>
      <![CDATA[Total Number of rows count in a table: 11]]>
    </line>
    <line>
      <![CDATA[=========>Finished--->Verifying Activity Report->Unauthorized Stop Report]]>
    </line>
    <line>
      <![CDATA[<a href='C:\Users\nagarjuna\git\MDVR_Meiko\FMSV12_Japan\src\main\java\com\test\automation\FMSV12_Japan\failure_screenshots\ActivityOption_unauthorizedStopReport_05_12_2019_05_48_34.png'> <img src='C:\Users\nagarjuna\git\MDVR_Meiko\FMSV12_Japan\src\main\java\com\test\automation\FMSV12_Japan\failure_screenshots\ActivityOption_unauthorizedStopReport_05_12_2019_05_48_34.png' height='100' width='100'/> </a>]]>
    </line>
    <line>
      <![CDATA[<a href='C:\src\main\java\com\test\automation\FMSV12_Japan\screenshot\Screenshot-05_12_2019_05_48_34.png'><img src='C:\src\main\java\com\test\automation\FMSV12_Japan\screenshot\Screenshot-05_12_2019_05_48_34.png' height='100' width='100'/></a>]]>
    </line>
    <line>
      <![CDATA[Test is started:ActivityOption_unauthorizedRoadReport]]>
    </line>
    <line>
      <![CDATA[=========>Started--->Verifying Activity Report->Unauthorized Road Report]]>
    </line>
    <line>
      <![CDATA[Entered login id====>>Meiko and object is[[ChromeDriver: chrome on XP (8a4e300c909d4476b0694f5f6a010b9f)] -> xpath: //*[@id='username']]]]>
    </line>
    <line>
      <![CDATA[Entered password====>>welcome and object is[[ChromeDriver: chrome on XP (8a4e300c909d4476b0694f5f6a010b9f)] -> xpath: //*[@id='password']]]]>
    </line>
    <line>
      <![CDATA[Clicked on submit button isProxy element for: DefaultElementLocator 'By.cssSelector: button[type='submit']']]>
    </line>
    <line>
      <![CDATA[Dashboard Window Title: FMS - Dashboard | General]]>
    </line>
    <line>
      <![CDATA[Clicked on hamburger icon id====>>[[ChromeDriver: chrome on XP (8a4e300c909d4476b0694f5f6a010b9f)] -> xpath: //div[@class='sidebar-toggler hidden-phone']] and object is[[ChromeDriver: chrome on XP (8a4e300c909d4476b0694f5f6a010b9f)] -> xpath: //div[@class='sidebar-toggler hidden-phone']]]]>
    </line>
    <line>
      <![CDATA[Clicked on master id====>>[[ChromeDriver: chrome on XP (8a4e300c909d4476b0694f5f6a010b9f)] -> xpath: //li[@id='lnk3']/a] and object is[[ChromeDriver: chrome on XP (8a4e300c909d4476b0694f5f6a010b9f)] -> xpath: //li[@id='lnk3']/a]]]>
    </line>
    <line>
      <![CDATA[Clicked on general id====>>[[ChromeDriver: chrome on XP (8a4e300c909d4476b0694f5f6a010b9f)] -> xpath: //li[@id='lnk24']/a] and object is[[ChromeDriver: chrome on XP (8a4e300c909d4476b0694f5f6a010b9f)] -> xpath: //li[@id='lnk24']/a]]]>
    </line>
    <line>
      <![CDATA[Clicked on activity id====>>[[ChromeDriver: chrome on XP (8a4e300c909d4476b0694f5f6a010b9f)] -> xpath: //li[@id='lnk30']/a] and object is[[ChromeDriver: chrome on XP (8a4e300c909d4476b0694f5f6a010b9f)] -> xpath: //li[@id='lnk30']/a]]]>
    </line>
    <line>
      <![CDATA[Parent Window Title: FMS - Reports|Activity Report]]>
    </line>
    <line>
      <![CDATA[Entered from Date]]>
    </line>
    <line>
      <![CDATA[Entered to Date]]>
    </line>
    <line>
      <![CDATA[Clicked on select Vehicle dropdow]]>
    </line>
    <line>
      <![CDATA[Selected Vehicle from vehicle dropdown====>>Proxy element for: DefaultElementLocator 'By.cssSelector: #select2-drop > ul > li:nth-child(1) > div' and object isProxy element for: DefaultElementLocator 'By.cssSelector: #select2-drop > ul > li:nth-child(1) > div']]>
    </line>
    <line>
      <![CDATA[Clicked on Pagination id====>>[[ChromeDriver: chrome on XP (8a4e300c909d4476b0694f5f6a010b9f)] -> xpath: //*[@id='pageassociated']/div] and object is[[ChromeDriver: chrome on XP (8a4e300c909d4476b0694f5f6a010b9f)] -> xpath: //*[@id='pageassociated']/div]]]>
    </line>
    <line>
      <![CDATA[Clicked on generateReport id====>>[[ChromeDriver: chrome on XP (8a4e300c909d4476b0694f5f6a010b9f)] -> xpath: //button[@id='generateReport']] and object is[[ChromeDriver: chrome on XP (8a4e300c909d4476b0694f5f6a010b9f)] -> xpath: //button[@id='generateReport']]]]>
    </line>
    <line>
      <![CDATA[Clicked on Violation count hyper link]]>
    </line>
    <line>
      <![CDATA[Switching to Child Window: CDwindow-EBC55974633AC9C415ABE380E1EB4095]]>
    </line>
    <line>
      <![CDATA[Child Window Title: FMS - Reports|Daily Violation Report]]>
    </line>
    <line>
      <![CDATA[Clicked on Unauthorized Road Report hyper link]]>
    </line>
    <line>
      <![CDATA[Switching to Sub Child Window: CDwindow-03FC3A72FD764A25D0A1D39CCA2FD16F]]>
    </line>
    <line>
      <![CDATA[Sub Child Window Title: FMS - Reports|Unauthorized Road Report]]>
    </line>
    <line>
      <![CDATA[Scrolling page]]>
    </line>
    <line>
      <![CDATA[Total Number of columns count in a table: 6]]>
    </line>
    <line>
      <![CDATA[Total Number of rows count in a table: 1]]>
    </line>
    <line>
      <![CDATA[=========>Finished--->Verifying Activity Report->Unauthorized Road Report]]>
    </line>
    <line>
      <![CDATA[<a href='C:\Users\nagarjuna\git\MDVR_Meiko\FMSV12_Japan\src\main\java\com\test\automation\FMSV12_Japan\failure_screenshots\ActivityOption_unauthorizedRoadReport_05_12_2019_05_52_22.png'> <img src='C:\Users\nagarjuna\git\MDVR_Meiko\FMSV12_Japan\src\main\java\com\test\automation\FMSV12_Japan\failure_screenshots\ActivityOption_unauthorizedRoadReport_05_12_2019_05_52_22.png' height='100' width='100'/> </a>]]>
    </line>
    <line>
      <![CDATA[<a href='C:\src\main\java\com\test\automation\FMSV12_Japan\screenshot\Screenshot-05_12_2019_05_52_22.png'><img src='C:\src\main\java\com\test\automation\FMSV12_Japan\screenshot\Screenshot-05_12_2019_05_52_22.png' height='100' width='100'/></a>]]>
    </line>
    <line>
      <![CDATA[Test is started:ActivityOption_idleReport]]>
    </line>
    <line>
      <![CDATA[=========>Started--->Verifying Activity Report->Idle Report]]>
    </line>
    <line>
      <![CDATA[Entered login id====>>Meiko and object is[[ChromeDriver: chrome on XP (ef2d8eee0ff077b893c412b02d7560fe)] -> xpath: //*[@id='username']]]]>
    </line>
    <line>
      <![CDATA[Entered password====>>welcome and object is[[ChromeDriver: chrome on XP (ef2d8eee0ff077b893c412b02d7560fe)] -> xpath: //*[@id='password']]]]>
    </line>
    <line>
      <![CDATA[Clicked on submit button isProxy element for: DefaultElementLocator 'By.cssSelector: button[type='submit']']]>
    </line>
    <line>
      <![CDATA[Dashboard Window Title: FMS - Dashboard | General]]>
    </line>
    <line>
      <![CDATA[Clicked on hamburger icon id====>>[[ChromeDriver: chrome on XP (ef2d8eee0ff077b893c412b02d7560fe)] -> xpath: //div[@class='sidebar-toggler hidden-phone']] and object is[[ChromeDriver: chrome on XP (ef2d8eee0ff077b893c412b02d7560fe)] -> xpath: //div[@class='sidebar-toggler hidden-phone']]]]>
    </line>
    <line>
      <![CDATA[Clicked on master id====>>[[ChromeDriver: chrome on XP (ef2d8eee0ff077b893c412b02d7560fe)] -> xpath: //li[@id='lnk3']/a] and object is[[ChromeDriver: chrome on XP (ef2d8eee0ff077b893c412b02d7560fe)] -> xpath: //li[@id='lnk3']/a]]]>
    </line>
    <line>
      <![CDATA[Clicked on general id====>>[[ChromeDriver: chrome on XP (ef2d8eee0ff077b893c412b02d7560fe)] -> xpath: //li[@id='lnk24']/a] and object is[[ChromeDriver: chrome on XP (ef2d8eee0ff077b893c412b02d7560fe)] -> xpath: //li[@id='lnk24']/a]]]>
    </line>
    <line>
      <![CDATA[Clicked on activity id====>>[[ChromeDriver: chrome on XP (ef2d8eee0ff077b893c412b02d7560fe)] -> xpath: //li[@id='lnk30']/a] and object is[[ChromeDriver: chrome on XP (ef2d8eee0ff077b893c412b02d7560fe)] -> xpath: //li[@id='lnk30']/a]]]>
    </line>
    <line>
      <![CDATA[Parent Window Title: FMS - Reports|Activity Report]]>
    </line>
    <line>
      <![CDATA[Entered from Date]]>
    </line>
    <line>
      <![CDATA[Entered to Date]]>
    </line>
    <line>
      <![CDATA[Clicked on select Vehicle dropdow]]>
    </line>
    <line>
      <![CDATA[Selected Vehicle from vehicle dropdown====>>Proxy element for: DefaultElementLocator 'By.cssSelector: #select2-drop > ul > li:nth-child(1) > div' and object isProxy element for: DefaultElementLocator 'By.cssSelector: #select2-drop > ul > li:nth-child(1) > div']]>
    </line>
    <line>
      <![CDATA[Clicked on Pagination id====>>[[ChromeDriver: chrome on XP (ef2d8eee0ff077b893c412b02d7560fe)] -> xpath: //*[@id='pageassociated']/div] and object is[[ChromeDriver: chrome on XP (ef2d8eee0ff077b893c412b02d7560fe)] -> xpath: //*[@id='pageassociated']/div]]]>
    </line>
    <line>
      <![CDATA[Clicked on generateReport id====>>[[ChromeDriver: chrome on XP (ef2d8eee0ff077b893c412b02d7560fe)] -> xpath: //button[@id='generateReport']] and object is[[ChromeDriver: chrome on XP (ef2d8eee0ff077b893c412b02d7560fe)] -> xpath: //button[@id='generateReport']]]]>
    </line>
    <line>
      <![CDATA[Clicked on Violation count hyper link]]>
    </line>
    <line>
      <![CDATA[Switching to Child Window: CDwindow-3C06BF8442EC96C6175478243186E889]]>
    </line>
    <line>
      <![CDATA[Child Window Title: FMS - Reports|Daily Violation Report]]>
    </line>
    <line>
      <![CDATA[Clicked on Idle Report hyper link]]>
    </line>
    <line>
      <![CDATA[Switching to Sub Child Window: CDwindow-157D8D2A203372C2871411B7158BF8A4]]>
    </line>
    <line>
      <![CDATA[Sub Child Window Title: FMS - Reports|Idle Report]]>
    </line>
    <line>
      <![CDATA[Scrolling page]]>
    </line>
    <line>
      <![CDATA[Total Number of columns count in a table: 7]]>
    </line>
    <line>
      <![CDATA[Total Number of rows count in a table: 11]]>
    </line>
    <line>
      <![CDATA[=========>Finished--->Verifying Activity Report->Idle Report]]>
    </line>
    <line>
      <![CDATA[<a href='C:\Users\nagarjuna\git\MDVR_Meiko\FMSV12_Japan\src\main\java\com\test\automation\FMSV12_Japan\failure_screenshots\ActivityOption_idleReport_05_12_2019_05_56_09.png'> <img src='C:\Users\nagarjuna\git\MDVR_Meiko\FMSV12_Japan\src\main\java\com\test\automation\FMSV12_Japan\failure_screenshots\ActivityOption_idleReport_05_12_2019_05_56_09.png' height='100' width='100'/> </a>]]>
    </line>
    <line>
      <![CDATA[<a href='C:\src\main\java\com\test\automation\FMSV12_Japan\screenshot\Screenshot-05_12_2019_05_56_09.png'><img src='C:\src\main\java\com\test\automation\FMSV12_Japan\screenshot\Screenshot-05_12_2019_05_56_09.png' height='100' width='100'/></a>]]>
    </line>
    <line>
      <![CDATA[Test is started:ActivityOption_dynamicTripSummaryReport]]>
    </line>
    <line>
      <![CDATA[=========>Started--->Verifying Activity Report->Dynamic Trip Summary Report]]>
    </line>
    <line>
      <![CDATA[Entered login id====>>Meiko and object is[[ChromeDriver: chrome on XP (d08040f24d8aa086bf440796dd653bc2)] -> xpath: //*[@id='username']]]]>
    </line>
    <line>
      <![CDATA[Entered password====>>welcome and object is[[ChromeDriver: chrome on XP (d08040f24d8aa086bf440796dd653bc2)] -> xpath: //*[@id='password']]]]>
    </line>
    <line>
      <![CDATA[Clicked on submit button isProxy element for: DefaultElementLocator 'By.cssSelector: button[type='submit']']]>
    </line>
    <line>
      <![CDATA[Dashboard Window Title: FMS - Dashboard | General]]>
    </line>
    <line>
      <![CDATA[Clicked on hamburger icon id====>>[[ChromeDriver: chrome on XP (d08040f24d8aa086bf440796dd653bc2)] -> xpath: //div[@class='sidebar-toggler hidden-phone']] and object is[[ChromeDriver: chrome on XP (d08040f24d8aa086bf440796dd653bc2)] -> xpath: //div[@class='sidebar-toggler hidden-phone']]]]>
    </line>
    <line>
      <![CDATA[Clicked on master id====>>[[ChromeDriver: chrome on XP (d08040f24d8aa086bf440796dd653bc2)] -> xpath: //li[@id='lnk3']/a] and object is[[ChromeDriver: chrome on XP (d08040f24d8aa086bf440796dd653bc2)] -> xpath: //li[@id='lnk3']/a]]]>
    </line>
    <line>
      <![CDATA[Clicked on general id====>>[[ChromeDriver: chrome on XP (d08040f24d8aa086bf440796dd653bc2)] -> xpath: //li[@id='lnk24']/a] and object is[[ChromeDriver: chrome on XP (d08040f24d8aa086bf440796dd653bc2)] -> xpath: //li[@id='lnk24']/a]]]>
    </line>
    <line>
      <![CDATA[Clicked on activity id====>>[[ChromeDriver: chrome on XP (d08040f24d8aa086bf440796dd653bc2)] -> xpath: //li[@id='lnk30']/a] and object is[[ChromeDriver: chrome on XP (d08040f24d8aa086bf440796dd653bc2)] -> xpath: //li[@id='lnk30']/a]]]>
    </line>
    <line>
      <![CDATA[Parent Window Title: FMS - Reports|Activity Report]]>
    </line>
    <line>
      <![CDATA[Entered from Date]]>
    </line>
    <line>
      <![CDATA[Entered to Date]]>
    </line>
    <line>
      <![CDATA[Clicked on select Vehicle dropdow]]>
    </line>
    <line>
      <![CDATA[Selected Vehicle from vehicle dropdown====>>Proxy element for: DefaultElementLocator 'By.cssSelector: #select2-drop > ul > li:nth-child(1) > div' and object isProxy element for: DefaultElementLocator 'By.cssSelector: #select2-drop > ul > li:nth-child(1) > div']]>
    </line>
    <line>
      <![CDATA[Clicked on Pagination id====>>[[ChromeDriver: chrome on XP (d08040f24d8aa086bf440796dd653bc2)] -> xpath: //*[@id='pageassociated']/div] and object is[[ChromeDriver: chrome on XP (d08040f24d8aa086bf440796dd653bc2)] -> xpath: //*[@id='pageassociated']/div]]]>
    </line>
    <line>
      <![CDATA[Clicked on generateReport id====>>[[ChromeDriver: chrome on XP (d08040f24d8aa086bf440796dd653bc2)] -> xpath: //button[@id='generateReport']] and object is[[ChromeDriver: chrome on XP (d08040f24d8aa086bf440796dd653bc2)] -> xpath: //button[@id='generateReport']]]]>
    </line>
    <line>
      <![CDATA[Clicked on Violation count hyper link]]>
    </line>
    <line>
      <![CDATA[Switching to Child Window: CDwindow-D4DAD97A9655FD99EC2D5EC8C5B5ACA8]]>
    </line>
    <line>
      <![CDATA[Child Window Title: FMS - Reports|Daily Violation Report]]>
    </line>
    <line>
      <![CDATA[Clicked on Dynamic Trip Summary Report hyper link]]>
    </line>
    <line>
      <![CDATA[Switching to Sub Child Window: CDwindow-44F571EB8D0432722185A702FBC4CD6C]]>
    </line>
    <line>
      <![CDATA[Sub Child Window Title: FMS - Reports|Dynamic Trip Summary Report]]>
    </line>
    <line>
      <![CDATA[Scrolling page]]>
    </line>
    <line>
      <![CDATA[Total Number of columns count in a table: 14]]>
    </line>
    <line>
      <![CDATA[Total Number of rows count in a table: 1]]>
    </line>
    <line>
      <![CDATA[=========>Finished--->Verifying Activity Report->Dynamic Trip Summary Report]]>
    </line>
    <line>
      <![CDATA[<a href='C:\Users\nagarjuna\git\MDVR_Meiko\FMSV12_Japan\src\main\java\com\test\automation\FMSV12_Japan\failure_screenshots\ActivityOption_dynamicTripSummaryReport_05_12_2019_05_59_58.png'> <img src='C:\Users\nagarjuna\git\MDVR_Meiko\FMSV12_Japan\src\main\java\com\test\automation\FMSV12_Japan\failure_screenshots\ActivityOption_dynamicTripSummaryReport_05_12_2019_05_59_58.png' height='100' width='100'/> </a>]]>
    </line>
    <line>
      <![CDATA[<a href='C:\src\main\java\com\test\automation\FMSV12_Japan\screenshot\Screenshot-05_12_2019_05_59_59.png'><img src='C:\src\main\java\com\test\automation\FMSV12_Japan\screenshot\Screenshot-05_12_2019_05_59_59.png' height='100' width='100'/></a>]]>
    </line>
    <line>
      <![CDATA[Test is started:ActivityOption_workandDriveHourReport]]>
    </line>
    <line>
      <![CDATA[=========>Started--->Verifying Activity Report->Work and Drive Hour Report]]>
    </line>
    <line>
      <![CDATA[Entered login id====>>Meiko and object is[[ChromeDriver: chrome on XP (0469243d604b42b445c64022777bd8f0)] -> xpath: //*[@id='username']]]]>
    </line>
    <line>
      <![CDATA[Entered password====>>welcome and object is[[ChromeDriver: chrome on XP (0469243d604b42b445c64022777bd8f0)] -> xpath: //*[@id='password']]]]>
    </line>
    <line>
      <![CDATA[Clicked on submit button isProxy element for: DefaultElementLocator 'By.cssSelector: button[type='submit']']]>
    </line>
    <line>
      <![CDATA[Dashboard Window Title: FMS - Dashboard | General]]>
    </line>
    <line>
      <![CDATA[Clicked on hamburger icon id====>>[[ChromeDriver: chrome on XP (0469243d604b42b445c64022777bd8f0)] -> xpath: //div[@class='sidebar-toggler hidden-phone']] and object is[[ChromeDriver: chrome on XP (0469243d604b42b445c64022777bd8f0)] -> xpath: //div[@class='sidebar-toggler hidden-phone']]]]>
    </line>
    <line>
      <![CDATA[Clicked on master id====>>[[ChromeDriver: chrome on XP (0469243d604b42b445c64022777bd8f0)] -> xpath: //li[@id='lnk3']/a] and object is[[ChromeDriver: chrome on XP (0469243d604b42b445c64022777bd8f0)] -> xpath: //li[@id='lnk3']/a]]]>
    </line>
    <line>
      <![CDATA[Clicked on general id====>>[[ChromeDriver: chrome on XP (0469243d604b42b445c64022777bd8f0)] -> xpath: //li[@id='lnk24']/a] and object is[[ChromeDriver: chrome on XP (0469243d604b42b445c64022777bd8f0)] -> xpath: //li[@id='lnk24']/a]]]>
    </line>
    <line>
      <![CDATA[Clicked on activity id====>>[[ChromeDriver: chrome on XP (0469243d604b42b445c64022777bd8f0)] -> xpath: //li[@id='lnk30']/a] and object is[[ChromeDriver: chrome on XP (0469243d604b42b445c64022777bd8f0)] -> xpath: //li[@id='lnk30']/a]]]>
    </line>
    <line>
      <![CDATA[Parent Window Title: FMS - Reports|Activity Report]]>
    </line>
    <line>
      <![CDATA[Entered from Date]]>
    </line>
    <line>
      <![CDATA[Entered to Date]]>
    </line>
    <line>
      <![CDATA[Clicked on select Vehicle dropdow]]>
    </line>
    <line>
      <![CDATA[Selected Vehicle from vehicle dropdown====>>Proxy element for: DefaultElementLocator 'By.cssSelector: #select2-drop > ul > li:nth-child(1) > div' and object isProxy element for: DefaultElementLocator 'By.cssSelector: #select2-drop > ul > li:nth-child(1) > div']]>
    </line>
    <line>
      <![CDATA[Clicked on Pagination id====>>[[ChromeDriver: chrome on XP (0469243d604b42b445c64022777bd8f0)] -> xpath: //*[@id='pageassociated']/div] and object is[[ChromeDriver: chrome on XP (0469243d604b42b445c64022777bd8f0)] -> xpath: //*[@id='pageassociated']/div]]]>
    </line>
    <line>
      <![CDATA[Clicked on generateReport id====>>[[ChromeDriver: chrome on XP (0469243d604b42b445c64022777bd8f0)] -> xpath: //button[@id='generateReport']] and object is[[ChromeDriver: chrome on XP (0469243d604b42b445c64022777bd8f0)] -> xpath: //button[@id='generateReport']]]]>
    </line>
    <line>
      <![CDATA[Clicked on Violation count hyper link]]>
    </line>
    <line>
      <![CDATA[Switching to Child Window: CDwindow-D919A1C75600327F275C677361B0072E]]>
    </line>
    <line>
      <![CDATA[Child Window Title: FMS - Reports|Daily Violation Report]]>
    </line>
    <line>
      <![CDATA[Clicked on Work and Drive Hour Report hyper link]]>
    </line>
    <line>
      <![CDATA[Switching to Sub Child Window: CDwindow-94604F166E50E25B32E15B16CC1F2160]]>
    </line>
    <line>
      <![CDATA[Sub Child Window Title: FMS - Reports|Work and Drive Hours Report Report]]>
    </line>
    <line>
      <![CDATA[Scrolling page]]>
    </line>
    <line>
      <![CDATA[Total Number of columns count in a table: 8]]>
    </line>
    <line>
      <![CDATA[Total Number of rows count in a table: 2]]>
    </line>
    <line>
      <![CDATA[=========>Finished--->Verifying Activity Report->Work and Drive Hour Report]]>
    </line>
    <line>
      <![CDATA[<a href='C:\Users\nagarjuna\git\MDVR_Meiko\FMSV12_Japan\src\main\java\com\test\automation\FMSV12_Japan\failure_screenshots\ActivityOption_workandDriveHourReport_05_12_2019_06_03_48.png'> <img src='C:\Users\nagarjuna\git\MDVR_Meiko\FMSV12_Japan\src\main\java\com\test\automation\FMSV12_Japan\failure_screenshots\ActivityOption_workandDriveHourReport_05_12_2019_06_03_48.png' height='100' width='100'/> </a>]]>
    </line>
    <line>
      <![CDATA[<a href='C:\src\main\java\com\test\automation\FMSV12_Japan\screenshot\Screenshot-05_12_2019_06_03_48.png'><img src='C:\src\main\java\com\test\automation\FMSV12_Japan\screenshot\Screenshot-05_12_2019_06_03_48.png' height='100' width='100'/></a>]]>
    </line>
  </reporter-output>
  <suite name="Regression suite 1" duration-ms="1376160" started-at="2019-12-05T12:10:53Z" finished-at="2019-12-05T12:33:49Z">
    <groups>
    </groups>
    <test name="ChromeBrowser" duration-ms="1376066" started-at="2019-12-05T12:10:53Z" finished-at="2019-12-05T12:33:49Z">
      <class name="com.test.automation.FMSV12_Japan.vehiclereports.TC209_VerifyActivity_UnauthorizedStopReport">
        <test-method status="PASS" signature="setUp(java.lang.String)[pri:0, instance:com.test.automation.FMSV12_Japan.vehiclereports.TC209_VerifyActivity_UnauthorizedStopReport@4466af20]" name="setUp" is-config="true" duration-ms="26609" started-at="2019-12-05T12:14:47Z" finished-at="2019-12-05T12:15:14Z">
          <params>
            <param index="0">
              <value>
                <![CDATA[chrome]]>
              </value>
            </param>
          </params>
          <reporter-output>
          </reporter-output>
        </test-method> <!-- setUp -->
        <test-method status="PASS" signature="beforeMethod(java.lang.reflect.Method)[pri:0, instance:com.test.automation.FMSV12_Japan.vehiclereports.TC209_VerifyActivity_UnauthorizedStopReport@4466af20]" name="beforeMethod" is-config="true" duration-ms="0" started-at="2019-12-05T12:15:14Z" finished-at="2019-12-05T12:15:14Z">
          <params>
            <param index="0">
              <value>
                <![CDATA[public void com.test.automation.FMSV12_Japan.vehiclereports.TC209_VerifyActivity_UnauthorizedStopReport.ActivityOption_unauthorizedStopReport(java.lang.String,java.lang.String,java.lang.String) throws java.lang.Exception]]>
              </value>
            </param>
          </params>
          <reporter-output>
          </reporter-output>
        </test-method> <!-- beforeMethod -->
        <test-method status="PASS" signature="ActivityOption_unauthorizedStopReport(java.lang.String, java.lang.String, java.lang.String)[pri:0, instance:com.test.automation.FMSV12_Japan.vehiclereports.TC209_VerifyActivity_UnauthorizedStopReport@4466af20]" name="ActivityOption_unauthorizedStopReport" duration-ms="200090" started-at="2019-12-05T12:15:14Z" data-provider="getDataFromExcel" finished-at="2019-12-05T12:18:34Z">
          <params>
            <param index="0">
              <value>
                <![CDATA[Meiko]]>
              </value>
            </param>
            <param index="1">
              <value>
                <![CDATA[welcome]]>
              </value>
            </param>
            <param index="2">
              <value>
                <![CDATA[y]]>
              </value>
            </param>
          </params>
          <reporter-output>
            <line>
              <![CDATA[Test is started:ActivityOption_unauthorizedStopReport]]>
            </line>
            <line>
              <![CDATA[=========>Started--->Verifying Activity Report->Unauthorized Stop Report]]>
            </line>
            <line>
              <![CDATA[Entered login id====>>Meiko and object is[[ChromeDriver: chrome on XP (af54d2a56c67810d0cfb29df4c2c3721)] -> xpath: //*[@id='username']]]]>
            </line>
            <line>
              <![CDATA[Entered password====>>welcome and object is[[ChromeDriver: chrome on XP (af54d2a56c67810d0cfb29df4c2c3721)] -> xpath: //*[@id='password']]]]>
            </line>
            <line>
              <![CDATA[Clicked on submit button isProxy element for: DefaultElementLocator 'By.cssSelector: button[type='submit']']]>
            </line>
            <line>
              <![CDATA[Dashboard Window Title: FMS - Dashboard | General]]>
            </line>
            <line>
              <![CDATA[Clicked on hamburger icon id====>>[[ChromeDriver: chrome on XP (af54d2a56c67810d0cfb29df4c2c3721)] -> xpath: //div[@class='sidebar-toggler hidden-phone']] and object is[[ChromeDriver: chrome on XP (af54d2a56c67810d0cfb29df4c2c3721)] -> xpath: //div[@class='sidebar-toggler hidden-phone']]]]>
            </line>
            <line>
              <![CDATA[Clicked on master id====>>[[ChromeDriver: chrome on XP (af54d2a56c67810d0cfb29df4c2c3721)] -> xpath: //li[@id='lnk3']/a] and object is[[ChromeDriver: chrome on XP (af54d2a56c67810d0cfb29df4c2c3721)] -> xpath: //li[@id='lnk3']/a]]]>
            </line>
            <line>
              <![CDATA[Clicked on general id====>>[[ChromeDriver: chrome on XP (af54d2a56c67810d0cfb29df4c2c3721)] -> xpath: //li[@id='lnk24']/a] and object is[[ChromeDriver: chrome on XP (af54d2a56c67810d0cfb29df4c2c3721)] -> xpath: //li[@id='lnk24']/a]]]>
            </line>
            <line>
              <![CDATA[Clicked on activity id====>>[[ChromeDriver: chrome on XP (af54d2a56c67810d0cfb29df4c2c3721)] -> xpath: //li[@id='lnk30']/a] and object is[[ChromeDriver: chrome on XP (af54d2a56c67810d0cfb29df4c2c3721)] -> xpath: //li[@id='lnk30']/a]]]>
            </line>
            <line>
              <![CDATA[Parent Window Title: FMS - Reports|Activity Report]]>
            </line>
            <line>
              <![CDATA[Entered from Date]]>
            </line>
            <line>
              <![CDATA[Entered to Date]]>
            </line>
            <line>
              <![CDATA[Clicked on select Vehicle dropdow]]>
            </line>
            <line>
              <![CDATA[Selected Vehicle from vehicle dropdown====>>Proxy element for: DefaultElementLocator 'By.cssSelector: #select2-drop > ul > li:nth-child(1) > div' and object isProxy element for: DefaultElementLocator 'By.cssSelector: #select2-drop > ul > li:nth-child(1) > div']]>
            </line>
            <line>
              <![CDATA[Clicked on Pagination id====>>[[ChromeDriver: chrome on XP (af54d2a56c67810d0cfb29df4c2c3721)] -> xpath: //*[@id='pageassociated']/div] and object is[[ChromeDriver: chrome on XP (af54d2a56c67810d0cfb29df4c2c3721)] -> xpath: //*[@id='pageassociated']/div]]]>
            </line>
            <line>
              <![CDATA[Clicked on generateReport id====>>[[ChromeDriver: chrome on XP (af54d2a56c67810d0cfb29df4c2c3721)] -> xpath: //button[@id='generateReport']] and object is[[ChromeDriver: chrome on XP (af54d2a56c67810d0cfb29df4c2c3721)] -> xpath: //button[@id='generateReport']]]]>
            </line>
            <line>
              <![CDATA[Clicked on Violation count hyper link]]>
            </line>
            <line>
              <![CDATA[Switching to Child Window: CDwindow-9B060A0A26940048C89427E1CC33992D]]>
            </line>
            <line>
              <![CDATA[Child Window Title: FMS - Reports|Daily Violation Report]]>
            </line>
            <line>
              <![CDATA[Clicked on Unauthorized Stop Report hyper link]]>
            </line>
            <line>
              <![CDATA[Switching to Sub Child Window: CDwindow-12E6CAE3A0A6DDF2620D921D1B0099C8]]>
            </line>
            <line>
              <![CDATA[Sub Child Window Title: FMS - Reports|Unauthorized Stop Report]]>
            </line>
            <line>
              <![CDATA[Scrolling page]]>
            </line>
            <line>
              <![CDATA[Total Number of columns count in a table: 8]]>
            </line>
            <line>
              <![CDATA[Total Number of rows count in a table: 11]]>
            </line>
            <line>
              <![CDATA[=========>Finished--->Verifying Activity Report->Unauthorized Stop Report]]>
            </line>
            <line>
              <![CDATA[<a href='C:\Users\nagarjuna\git\MDVR_Meiko\FMSV12_Japan\src\main\java\com\test\automation\FMSV12_Japan\failure_screenshots\ActivityOption_unauthorizedStopReport_05_12_2019_05_48_34.png'> <img src='C:\Users\nagarjuna\git\MDVR_Meiko\FMSV12_Japan\src\main\java\com\test\automation\FMSV12_Japan\failure_screenshots\ActivityOption_unauthorizedStopReport_05_12_2019_05_48_34.png' height='100' width='100'/> </a>]]>
            </line>
          </reporter-output>
        </test-method> <!-- ActivityOption_unauthorizedStopReport -->
        <test-method status="PASS" signature="afterMethod(org.testng.ITestResult)[pri:0, instance:com.test.automation.FMSV12_Japan.vehiclereports.TC209_VerifyActivity_UnauthorizedStopReport@4466af20]" name="afterMethod" is-config="true" duration-ms="445" started-at="2019-12-05T12:18:34Z" finished-at="2019-12-05T12:18:35Z">
          <params>
            <param index="0">
              <value>
                <![CDATA[[TestResult name=ActivityOption_unauthorizedStopReport status=SUCCESS method=TC209_VerifyActivity_UnauthorizedStopReport.ActivityOption_unauthorizedStopReport(java.lang.String, java.lang.String, java.lang.String)[pri:0, instance:com.test.automation.FMSV12_Japan.vehiclereports.TC209_VerifyActivity_UnauthorizedStopReport@4466af20] output=Test is started:ActivityOption_unauthorizedStopReport]]]>
              </value>
            </param>
          </params>
          <reporter-output>
            <line>
              <![CDATA[<a href='C:\src\main\java\com\test\automation\FMSV12_Japan\screenshot\Screenshot-05_12_2019_05_48_34.png'><img src='C:\src\main\java\com\test\automation\FMSV12_Japan\screenshot\Screenshot-05_12_2019_05_48_34.png' height='100' width='100'/></a>]]>
            </line>
          </reporter-output>
        </test-method> <!-- afterMethod -->
        <test-method status="PASS" signature="endTest()[pri:0, instance:com.test.automation.FMSV12_Japan.vehiclereports.TC209_VerifyActivity_UnauthorizedStopReport@4466af20]" name="endTest" is-config="true" duration-ms="804" started-at="2019-12-05T12:18:35Z" finished-at="2019-12-05T12:18:36Z">
          <reporter-output>
          </reporter-output>
        </test-method> <!-- endTest -->
      </class> <!-- com.test.automation.FMSV12_Japan.vehiclereports.TC209_VerifyActivity_UnauthorizedStopReport -->
      <class name="com.test.automation.FMSV12_Japan.vehiclereports.TC208_VerifyActivity_HarshAccelerationReport">
        <test-method status="PASS" signature="setUp(java.lang.String)[pri:0, instance:com.test.automation.FMSV12_Japan.vehiclereports.TC208_VerifyActivity_HarshAccelerationReport@4f6ee6e4]" name="setUp" is-config="true" duration-ms="26231" started-at="2019-12-05T12:10:53Z" finished-at="2019-12-05T12:11:20Z">
          <params>
            <param index="0">
              <value>
                <![CDATA[chrome]]>
              </value>
            </param>
          </params>
          <reporter-output>
          </reporter-output>
        </test-method> <!-- setUp -->
        <test-method status="PASS" signature="beforeMethod(java.lang.reflect.Method)[pri:0, instance:com.test.automation.FMSV12_Japan.vehiclereports.TC208_VerifyActivity_HarshAccelerationReport@4f6ee6e4]" name="beforeMethod" is-config="true" duration-ms="15" started-at="2019-12-05T12:11:20Z" finished-at="2019-12-05T12:11:20Z">
          <params>
            <param index="0">
              <value>
                <![CDATA[public void com.test.automation.FMSV12_Japan.vehiclereports.TC208_VerifyActivity_HarshAccelerationReport.ActivityOption_harshBreakReport(java.lang.String,java.lang.String,java.lang.String) throws java.lang.Exception]]>
              </value>
            </param>
          </params>
          <reporter-output>
          </reporter-output>
        </test-method> <!-- beforeMethod -->
        <test-method status="PASS" signature="ActivityOption_harshBreakReport(java.lang.String, java.lang.String, java.lang.String)[pri:0, instance:com.test.automation.FMSV12_Japan.vehiclereports.TC208_VerifyActivity_HarshAccelerationReport@4f6ee6e4]" name="ActivityOption_harshBreakReport" duration-ms="204932" started-at="2019-12-05T12:11:20Z" data-provider="getDataFromExcel" finished-at="2019-12-05T12:14:45Z">
          <params>
            <param index="0">
              <value>
                <![CDATA[Meiko]]>
              </value>
            </param>
            <param index="1">
              <value>
                <![CDATA[welcome]]>
              </value>
            </param>
            <param index="2">
              <value>
                <![CDATA[y]]>
              </value>
            </param>
          </params>
          <reporter-output>
            <line>
              <![CDATA[Test is started:ActivityOption_harshBreakReport]]>
            </line>
            <line>
              <![CDATA[=========>Started--->Verifying Activity Report->Harsh Break Report]]>
            </line>
            <line>
              <![CDATA[Entered login id====>>Meiko and object is[[ChromeDriver: chrome on XP (4b942f598b187d94e368cf6f4577e94a)] -> xpath: //*[@id='username']]]]>
            </line>
            <line>
              <![CDATA[Entered password====>>welcome and object is[[ChromeDriver: chrome on XP (4b942f598b187d94e368cf6f4577e94a)] -> xpath: //*[@id='password']]]]>
            </line>
            <line>
              <![CDATA[Clicked on submit button isProxy element for: DefaultElementLocator 'By.cssSelector: button[type='submit']']]>
            </line>
            <line>
              <![CDATA[Dashboard Window Title: FMS - Dashboard | General]]>
            </line>
            <line>
              <![CDATA[Clicked on hamburger icon id====>>[[ChromeDriver: chrome on XP (4b942f598b187d94e368cf6f4577e94a)] -> xpath: //div[@class='sidebar-toggler hidden-phone']] and object is[[ChromeDriver: chrome on XP (4b942f598b187d94e368cf6f4577e94a)] -> xpath: //div[@class='sidebar-toggler hidden-phone']]]]>
            </line>
            <line>
              <![CDATA[Clicked on master id====>>[[ChromeDriver: chrome on XP (4b942f598b187d94e368cf6f4577e94a)] -> xpath: //li[@id='lnk3']/a] and object is[[ChromeDriver: chrome on XP (4b942f598b187d94e368cf6f4577e94a)] -> xpath: //li[@id='lnk3']/a]]]>
            </line>
            <line>
              <![CDATA[Clicked on general id====>>[[ChromeDriver: chrome on XP (4b942f598b187d94e368cf6f4577e94a)] -> xpath: //li[@id='lnk24']/a] and object is[[ChromeDriver: chrome on XP (4b942f598b187d94e368cf6f4577e94a)] -> xpath: //li[@id='lnk24']/a]]]>
            </line>
            <line>
              <![CDATA[Clicked on activity id====>>[[ChromeDriver: chrome on XP (4b942f598b187d94e368cf6f4577e94a)] -> xpath: //li[@id='lnk30']/a] and object is[[ChromeDriver: chrome on XP (4b942f598b187d94e368cf6f4577e94a)] -> xpath: //li[@id='lnk30']/a]]]>
            </line>
            <line>
              <![CDATA[Parent Window Title: FMS - Reports|Activity Report]]>
            </line>
            <line>
              <![CDATA[Entered from Date]]>
            </line>
            <line>
              <![CDATA[Entered to Date]]>
            </line>
            <line>
              <![CDATA[Clicked on select Vehicle dropdow]]>
            </line>
            <line>
              <![CDATA[Selected Vehicle from vehicle dropdown====>>Proxy element for: DefaultElementLocator 'By.cssSelector: #select2-drop > ul > li:nth-child(1) > div' and object isProxy element for: DefaultElementLocator 'By.cssSelector: #select2-drop > ul > li:nth-child(1) > div']]>
            </line>
            <line>
              <![CDATA[Clicked on Pagination id====>>[[ChromeDriver: chrome on XP (4b942f598b187d94e368cf6f4577e94a)] -> xpath: //*[@id='pageassociated']/div] and object is[[ChromeDriver: chrome on XP (4b942f598b187d94e368cf6f4577e94a)] -> xpath: //*[@id='pageassociated']/div]]]>
            </line>
            <line>
              <![CDATA[Clicked on generateReport id====>>[[ChromeDriver: chrome on XP (4b942f598b187d94e368cf6f4577e94a)] -> xpath: //button[@id='generateReport']] and object is[[ChromeDriver: chrome on XP (4b942f598b187d94e368cf6f4577e94a)] -> xpath: //button[@id='generateReport']]]]>
            </line>
            <line>
              <![CDATA[Clicked on Violation count hyper link]]>
            </line>
            <line>
              <![CDATA[Switching to Child Window: CDwindow-1E2768412FD4198277409AE60EF577BF]]>
            </line>
            <line>
              <![CDATA[Child Window Title: FMS - Reports|Daily Violation Report]]>
            </line>
            <line>
              <![CDATA[Clicked on Harsh Acceleration Report hyper link]]>
            </line>
            <line>
              <![CDATA[Switching to Sub Child Window: CDwindow-84743A03B9BD8689373308A899A21003]]>
            </line>
            <line>
              <![CDATA[Sub Child Window Title: FMS - Reports|Harsh Acceleration Report]]>
            </line>
            <line>
              <![CDATA[Scrolling page]]>
            </line>
            <line>
              <![CDATA[Total Number of columns count in a table: 7]]>
            </line>
            <line>
              <![CDATA[Total Number of rows count in a table: 1]]>
            </line>
            <line>
              <![CDATA[=========>Finished--->Verifying Activity Report->Harsh Break Report]]>
            </line>
            <line>
              <![CDATA[<a href='C:\Users\nagarjuna\git\MDVR_Meiko\FMSV12_Japan\src\main\java\com\test\automation\FMSV12_Japan\failure_screenshots\ActivityOption_harshBreakReport_05_12_2019_05_44_45.png'> <img src='C:\Users\nagarjuna\git\MDVR_Meiko\FMSV12_Japan\src\main\java\com\test\automation\FMSV12_Japan\failure_screenshots\ActivityOption_harshBreakReport_05_12_2019_05_44_45.png' height='100' width='100'/> </a>]]>
            </line>
          </reporter-output>
        </test-method> <!-- ActivityOption_harshBreakReport -->
        <test-method status="PASS" signature="afterMethod(org.testng.ITestResult)[pri:0, instance:com.test.automation.FMSV12_Japan.vehiclereports.TC208_VerifyActivity_HarshAccelerationReport@4f6ee6e4]" name="afterMethod" is-config="true" duration-ms="366" started-at="2019-12-05T12:14:46Z" finished-at="2019-12-05T12:14:46Z">
          <params>
            <param index="0">
              <value>
                <![CDATA[[TestResult name=ActivityOption_harshBreakReport status=SUCCESS method=TC208_VerifyActivity_HarshAccelerationReport.ActivityOption_harshBreakReport(java.lang.String, java.lang.String, java.lang.String)[pri:0, instance:com.test.automation.FMSV12_Japan.vehiclereports.TC208_VerifyActivity_HarshAccelerationReport@4f6ee6e4] output=Test is started:ActivityOption_harshBreakReport]]]>
              </value>
            </param>
          </params>
          <reporter-output>
            <line>
              <![CDATA[<a href='C:\src\main\java\com\test\automation\FMSV12_Japan\screenshot\Screenshot-05_12_2019_05_44_46.png'><img src='C:\src\main\java\com\test\automation\FMSV12_Japan\screenshot\Screenshot-05_12_2019_05_44_46.png' height='100' width='100'/></a>]]>
            </line>
          </reporter-output>
        </test-method> <!-- afterMethod -->
        <test-method status="PASS" signature="endTest()[pri:0, instance:com.test.automation.FMSV12_Japan.vehiclereports.TC208_VerifyActivity_HarshAccelerationReport@4f6ee6e4]" name="endTest" is-config="true" duration-ms="1104" started-at="2019-12-05T12:14:46Z" finished-at="2019-12-05T12:14:47Z">
          <reporter-output>
          </reporter-output>
        </test-method> <!-- endTest -->
      </class> <!-- com.test.automation.FMSV12_Japan.vehiclereports.TC208_VerifyActivity_HarshAccelerationReport -->
      <class name="com.test.automation.FMSV12_Japan.vehiclereports.TC211_VerifyActivity_IdleReport">
        <test-method status="PASS" signature="setUp(java.lang.String)[pri:0, instance:com.test.automation.FMSV12_Japan.vehiclereports.TC211_VerifyActivity_IdleReport@6b927fb]" name="setUp" is-config="true" duration-ms="25432" started-at="2019-12-05T12:22:23Z" finished-at="2019-12-05T12:22:49Z">
          <params>
            <param index="0">
              <value>
                <![CDATA[chrome]]>
              </value>
            </param>
          </params>
          <reporter-output>
          </reporter-output>
        </test-method> <!-- setUp -->
        <test-method status="PASS" signature="beforeMethod(java.lang.reflect.Method)[pri:0, instance:com.test.automation.FMSV12_Japan.vehiclereports.TC211_VerifyActivity_IdleReport@6b927fb]" name="beforeMethod" is-config="true" duration-ms="15" started-at="2019-12-05T12:22:49Z" finished-at="2019-12-05T12:22:49Z">
          <params>
            <param index="0">
              <value>
                <![CDATA[public void com.test.automation.FMSV12_Japan.vehiclereports.TC211_VerifyActivity_IdleReport.ActivityOption_idleReport(java.lang.String,java.lang.String,java.lang.String) throws java.lang.Exception]]>
              </value>
            </param>
          </params>
          <reporter-output>
          </reporter-output>
        </test-method> <!-- beforeMethod -->
        <test-method status="PASS" signature="ActivityOption_idleReport(java.lang.String, java.lang.String, java.lang.String)[pri:0, instance:com.test.automation.FMSV12_Japan.vehiclereports.TC211_VerifyActivity_IdleReport@6b927fb]" name="ActivityOption_idleReport" duration-ms="200091" started-at="2019-12-05T12:22:49Z" data-provider="getDataFromExcel" finished-at="2019-12-05T12:26:09Z">
          <params>
            <param index="0">
              <value>
                <![CDATA[Meiko]]>
              </value>
            </param>
            <param index="1">
              <value>
                <![CDATA[welcome]]>
              </value>
            </param>
            <param index="2">
              <value>
                <![CDATA[y]]>
              </value>
            </param>
          </params>
          <reporter-output>
            <line>
              <![CDATA[Test is started:ActivityOption_idleReport]]>
            </line>
            <line>
              <![CDATA[=========>Started--->Verifying Activity Report->Idle Report]]>
            </line>
            <line>
              <![CDATA[Entered login id====>>Meiko and object is[[ChromeDriver: chrome on XP (ef2d8eee0ff077b893c412b02d7560fe)] -> xpath: //*[@id='username']]]]>
            </line>
            <line>
              <![CDATA[Entered password====>>welcome and object is[[ChromeDriver: chrome on XP (ef2d8eee0ff077b893c412b02d7560fe)] -> xpath: //*[@id='password']]]]>
            </line>
            <line>
              <![CDATA[Clicked on submit button isProxy element for: DefaultElementLocator 'By.cssSelector: button[type='submit']']]>
            </line>
            <line>
              <![CDATA[Dashboard Window Title: FMS - Dashboard | General]]>
            </line>
            <line>
              <![CDATA[Clicked on hamburger icon id====>>[[ChromeDriver: chrome on XP (ef2d8eee0ff077b893c412b02d7560fe)] -> xpath: //div[@class='sidebar-toggler hidden-phone']] and object is[[ChromeDriver: chrome on XP (ef2d8eee0ff077b893c412b02d7560fe)] -> xpath: //div[@class='sidebar-toggler hidden-phone']]]]>
            </line>
            <line>
              <![CDATA[Clicked on master id====>>[[ChromeDriver: chrome on XP (ef2d8eee0ff077b893c412b02d7560fe)] -> xpath: //li[@id='lnk3']/a] and object is[[ChromeDriver: chrome on XP (ef2d8eee0ff077b893c412b02d7560fe)] -> xpath: //li[@id='lnk3']/a]]]>
            </line>
            <line>
              <![CDATA[Clicked on general id====>>[[ChromeDriver: chrome on XP (ef2d8eee0ff077b893c412b02d7560fe)] -> xpath: //li[@id='lnk24']/a] and object is[[ChromeDriver: chrome on XP (ef2d8eee0ff077b893c412b02d7560fe)] -> xpath: //li[@id='lnk24']/a]]]>
            </line>
            <line>
              <![CDATA[Clicked on activity id====>>[[ChromeDriver: chrome on XP (ef2d8eee0ff077b893c412b02d7560fe)] -> xpath: //li[@id='lnk30']/a] and object is[[ChromeDriver: chrome on XP (ef2d8eee0ff077b893c412b02d7560fe)] -> xpath: //li[@id='lnk30']/a]]]>
            </line>
            <line>
              <![CDATA[Parent Window Title: FMS - Reports|Activity Report]]>
            </line>
            <line>
              <![CDATA[Entered from Date]]>
            </line>
            <line>
              <![CDATA[Entered to Date]]>
            </line>
            <line>
              <![CDATA[Clicked on select Vehicle dropdow]]>
            </line>
            <line>
              <![CDATA[Selected Vehicle from vehicle dropdown====>>Proxy element for: DefaultElementLocator 'By.cssSelector: #select2-drop > ul > li:nth-child(1) > div' and object isProxy element for: DefaultElementLocator 'By.cssSelector: #select2-drop > ul > li:nth-child(1) > div']]>
            </line>
            <line>
              <![CDATA[Clicked on Pagination id====>>[[ChromeDriver: chrome on XP (ef2d8eee0ff077b893c412b02d7560fe)] -> xpath: //*[@id='pageassociated']/div] and object is[[ChromeDriver: chrome on XP (ef2d8eee0ff077b893c412b02d7560fe)] -> xpath: //*[@id='pageassociated']/div]]]>
            </line>
            <line>
              <![CDATA[Clicked on generateReport id====>>[[ChromeDriver: chrome on XP (ef2d8eee0ff077b893c412b02d7560fe)] -> xpath: //button[@id='generateReport']] and object is[[ChromeDriver: chrome on XP (ef2d8eee0ff077b893c412b02d7560fe)] -> xpath: //button[@id='generateReport']]]]>
            </line>
            <line>
              <![CDATA[Clicked on Violation count hyper link]]>
            </line>
            <line>
              <![CDATA[Switching to Child Window: CDwindow-3C06BF8442EC96C6175478243186E889]]>
            </line>
            <line>
              <![CDATA[Child Window Title: FMS - Reports|Daily Violation Report]]>
            </line>
            <line>
              <![CDATA[Clicked on Idle Report hyper link]]>
            </line>
            <line>
              <![CDATA[Switching to Sub Child Window: CDwindow-157D8D2A203372C2871411B7158BF8A4]]>
            </line>
            <line>
              <![CDATA[Sub Child Window Title: FMS - Reports|Idle Report]]>
            </line>
            <line>
              <![CDATA[Scrolling page]]>
            </line>
            <line>
              <![CDATA[Total Number of columns count in a table: 7]]>
            </line>
            <line>
              <![CDATA[Total Number of rows count in a table: 11]]>
            </line>
            <line>
              <![CDATA[=========>Finished--->Verifying Activity Report->Idle Report]]>
            </line>
            <line>
              <![CDATA[<a href='C:\Users\nagarjuna\git\MDVR_Meiko\FMSV12_Japan\src\main\java\com\test\automation\FMSV12_Japan\failure_screenshots\ActivityOption_idleReport_05_12_2019_05_56_09.png'> <img src='C:\Users\nagarjuna\git\MDVR_Meiko\FMSV12_Japan\src\main\java\com\test\automation\FMSV12_Japan\failure_screenshots\ActivityOption_idleReport_05_12_2019_05_56_09.png' height='100' width='100'/> </a>]]>
            </line>
          </reporter-output>
        </test-method> <!-- ActivityOption_idleReport -->
        <test-method status="PASS" signature="afterMethod(org.testng.ITestResult)[pri:0, instance:com.test.automation.FMSV12_Japan.vehiclereports.TC211_VerifyActivity_IdleReport@6b927fb]" name="afterMethod" is-config="true" duration-ms="389" started-at="2019-12-05T12:26:09Z" finished-at="2019-12-05T12:26:10Z">
          <params>
            <param index="0">
              <value>
                <![CDATA[[TestResult name=ActivityOption_idleReport status=SUCCESS method=TC211_VerifyActivity_IdleReport.ActivityOption_idleReport(java.lang.String, java.lang.String, java.lang.String)[pri:0, instance:com.test.automation.FMSV12_Japan.vehiclereports.TC211_VerifyActivity_IdleReport@6b927fb] output=Test is started:ActivityOption_idleReport]]]>
              </value>
            </param>
          </params>
          <reporter-output>
            <line>
              <![CDATA[<a href='C:\src\main\java\com\test\automation\FMSV12_Japan\screenshot\Screenshot-05_12_2019_05_56_09.png'><img src='C:\src\main\java\com\test\automation\FMSV12_Japan\screenshot\Screenshot-05_12_2019_05_56_09.png' height='100' width='100'/></a>]]>
            </line>
          </reporter-output>
        </test-method> <!-- afterMethod -->
        <test-method status="PASS" signature="endTest()[pri:0, instance:com.test.automation.FMSV12_Japan.vehiclereports.TC211_VerifyActivity_IdleReport@6b927fb]" name="endTest" is-config="true" duration-ms="732" started-at="2019-12-05T12:26:10Z" finished-at="2019-12-05T12:26:10Z">
          <reporter-output>
          </reporter-output>
        </test-method> <!-- endTest -->
      </class> <!-- com.test.automation.FMSV12_Japan.vehiclereports.TC211_VerifyActivity_IdleReport -->
      <class name="com.test.automation.FMSV12_Japan.vehiclereports.TC210_VerifyActivity_UnauthorizedRoadReport">
        <test-method status="PASS" signature="setUp(java.lang.String)[pri:0, instance:com.test.automation.FMSV12_Japan.vehiclereports.TC210_VerifyActivity_UnauthorizedRoadReport@a514af7]" name="setUp" is-config="true" duration-ms="24895" started-at="2019-12-05T12:18:36Z" finished-at="2019-12-05T12:19:01Z">
          <params>
            <param index="0">
              <value>
                <![CDATA[chrome]]>
              </value>
            </param>
          </params>
          <reporter-output>
          </reporter-output>
        </test-method> <!-- setUp -->
        <test-method status="PASS" signature="beforeMethod(java.lang.reflect.Method)[pri:0, instance:com.test.automation.FMSV12_Japan.vehiclereports.TC210_VerifyActivity_UnauthorizedRoadReport@a514af7]" name="beforeMethod" is-config="true" duration-ms="15" started-at="2019-12-05T12:19:01Z" finished-at="2019-12-05T12:19:01Z">
          <params>
            <param index="0">
              <value>
                <![CDATA[public void com.test.automation.FMSV12_Japan.vehiclereports.TC210_VerifyActivity_UnauthorizedRoadReport.ActivityOption_unauthorizedRoadReport(java.lang.String,java.lang.String,java.lang.String) throws java.lang.Exception]]>
              </value>
            </param>
          </params>
          <reporter-output>
          </reporter-output>
        </test-method> <!-- beforeMethod -->
        <test-method status="PASS" signature="ActivityOption_unauthorizedRoadReport(java.lang.String, java.lang.String, java.lang.String)[pri:0, instance:com.test.automation.FMSV12_Japan.vehiclereports.TC210_VerifyActivity_UnauthorizedRoadReport@a514af7]" name="ActivityOption_unauthorizedRoadReport" duration-ms="200929" started-at="2019-12-05T12:19:01Z" data-provider="getDataFromExcel" finished-at="2019-12-05T12:22:22Z">
          <params>
            <param index="0">
              <value>
                <![CDATA[Meiko]]>
              </value>
            </param>
            <param index="1">
              <value>
                <![CDATA[welcome]]>
              </value>
            </param>
            <param index="2">
              <value>
                <![CDATA[y]]>
              </value>
            </param>
          </params>
          <reporter-output>
            <line>
              <![CDATA[Test is started:ActivityOption_unauthorizedRoadReport]]>
            </line>
            <line>
              <![CDATA[=========>Started--->Verifying Activity Report->Unauthorized Road Report]]>
            </line>
            <line>
              <![CDATA[Entered login id====>>Meiko and object is[[ChromeDriver: chrome on XP (8a4e300c909d4476b0694f5f6a010b9f)] -> xpath: //*[@id='username']]]]>
            </line>
            <line>
              <![CDATA[Entered password====>>welcome and object is[[ChromeDriver: chrome on XP (8a4e300c909d4476b0694f5f6a010b9f)] -> xpath: //*[@id='password']]]]>
            </line>
            <line>
              <![CDATA[Clicked on submit button isProxy element for: DefaultElementLocator 'By.cssSelector: button[type='submit']']]>
            </line>
            <line>
              <![CDATA[Dashboard Window Title: FMS - Dashboard | General]]>
            </line>
            <line>
              <![CDATA[Clicked on hamburger icon id====>>[[ChromeDriver: chrome on XP (8a4e300c909d4476b0694f5f6a010b9f)] -> xpath: //div[@class='sidebar-toggler hidden-phone']] and object is[[ChromeDriver: chrome on XP (8a4e300c909d4476b0694f5f6a010b9f)] -> xpath: //div[@class='sidebar-toggler hidden-phone']]]]>
            </line>
            <line>
              <![CDATA[Clicked on master id====>>[[ChromeDriver: chrome on XP (8a4e300c909d4476b0694f5f6a010b9f)] -> xpath: //li[@id='lnk3']/a] and object is[[ChromeDriver: chrome on XP (8a4e300c909d4476b0694f5f6a010b9f)] -> xpath: //li[@id='lnk3']/a]]]>
            </line>
            <line>
              <![CDATA[Clicked on general id====>>[[ChromeDriver: chrome on XP (8a4e300c909d4476b0694f5f6a010b9f)] -> xpath: //li[@id='lnk24']/a] and object is[[ChromeDriver: chrome on XP (8a4e300c909d4476b0694f5f6a010b9f)] -> xpath: //li[@id='lnk24']/a]]]>
            </line>
            <line>
              <![CDATA[Clicked on activity id====>>[[ChromeDriver: chrome on XP (8a4e300c909d4476b0694f5f6a010b9f)] -> xpath: //li[@id='lnk30']/a] and object is[[ChromeDriver: chrome on XP (8a4e300c909d4476b0694f5f6a010b9f)] -> xpath: //li[@id='lnk30']/a]]]>
            </line>
            <line>
              <![CDATA[Parent Window Title: FMS - Reports|Activity Report]]>
            </line>
            <line>
              <![CDATA[Entered from Date]]>
            </line>
            <line>
              <![CDATA[Entered to Date]]>
            </line>
            <line>
              <![CDATA[Clicked on select Vehicle dropdow]]>
            </line>
            <line>
              <![CDATA[Selected Vehicle from vehicle dropdown====>>Proxy element for: DefaultElementLocator 'By.cssSelector: #select2-drop > ul > li:nth-child(1) > div' and object isProxy element for: DefaultElementLocator 'By.cssSelector: #select2-drop > ul > li:nth-child(1) > div']]>
            </line>
            <line>
              <![CDATA[Clicked on Pagination id====>>[[ChromeDriver: chrome on XP (8a4e300c909d4476b0694f5f6a010b9f)] -> xpath: //*[@id='pageassociated']/div] and object is[[ChromeDriver: chrome on XP (8a4e300c909d4476b0694f5f6a010b9f)] -> xpath: //*[@id='pageassociated']/div]]]>
            </line>
            <line>
              <![CDATA[Clicked on generateReport id====>>[[ChromeDriver: chrome on XP (8a4e300c909d4476b0694f5f6a010b9f)] -> xpath: //button[@id='generateReport']] and object is[[ChromeDriver: chrome on XP (8a4e300c909d4476b0694f5f6a010b9f)] -> xpath: //button[@id='generateReport']]]]>
            </line>
            <line>
              <![CDATA[Clicked on Violation count hyper link]]>
            </line>
            <line>
              <![CDATA[Switching to Child Window: CDwindow-EBC55974633AC9C415ABE380E1EB4095]]>
            </line>
            <line>
              <![CDATA[Child Window Title: FMS - Reports|Daily Violation Report]]>
            </line>
            <line>
              <![CDATA[Clicked on Unauthorized Road Report hyper link]]>
            </line>
            <line>
              <![CDATA[Switching to Sub Child Window: CDwindow-03FC3A72FD764A25D0A1D39CCA2FD16F]]>
            </line>
            <line>
              <![CDATA[Sub Child Window Title: FMS - Reports|Unauthorized Road Report]]>
            </line>
            <line>
              <![CDATA[Scrolling page]]>
            </line>
            <line>
              <![CDATA[Total Number of columns count in a table: 6]]>
            </line>
            <line>
              <![CDATA[Total Number of rows count in a table: 1]]>
            </line>
            <line>
              <![CDATA[=========>Finished--->Verifying Activity Report->Unauthorized Road Report]]>
            </line>
            <line>
              <![CDATA[<a href='C:\Users\nagarjuna\git\MDVR_Meiko\FMSV12_Japan\src\main\java\com\test\automation\FMSV12_Japan\failure_screenshots\ActivityOption_unauthorizedRoadReport_05_12_2019_05_52_22.png'> <img src='C:\Users\nagarjuna\git\MDVR_Meiko\FMSV12_Japan\src\main\java\com\test\automation\FMSV12_Japan\failure_screenshots\ActivityOption_unauthorizedRoadReport_05_12_2019_05_52_22.png' height='100' width='100'/> </a>]]>
            </line>
          </reporter-output>
        </test-method> <!-- ActivityOption_unauthorizedRoadReport -->
        <test-method status="PASS" signature="afterMethod(org.testng.ITestResult)[pri:0, instance:com.test.automation.FMSV12_Japan.vehiclereports.TC210_VerifyActivity_UnauthorizedRoadReport@a514af7]" name="afterMethod" is-config="true" duration-ms="354" started-at="2019-12-05T12:22:22Z" finished-at="2019-12-05T12:22:22Z">
          <params>
            <param index="0">
              <value>
                <![CDATA[[TestResult name=ActivityOption_unauthorizedRoadReport status=SUCCESS method=TC210_VerifyActivity_UnauthorizedRoadReport.ActivityOption_unauthorizedRoadReport(java.lang.String, java.lang.String, java.lang.String)[pri:0, instance:com.test.automation.FMSV12_Japan.vehiclereports.TC210_VerifyActivity_UnauthorizedRoadReport@a514af7] output=Test is started:ActivityOption_unauthorizedRoadReport]]]>
              </value>
            </param>
          </params>
          <reporter-output>
            <line>
              <![CDATA[<a href='C:\src\main\java\com\test\automation\FMSV12_Japan\screenshot\Screenshot-05_12_2019_05_52_22.png'><img src='C:\src\main\java\com\test\automation\FMSV12_Japan\screenshot\Screenshot-05_12_2019_05_52_22.png' height='100' width='100'/></a>]]>
            </line>
          </reporter-output>
        </test-method> <!-- afterMethod -->
        <test-method status="PASS" signature="endTest()[pri:0, instance:com.test.automation.FMSV12_Japan.vehiclereports.TC210_VerifyActivity_UnauthorizedRoadReport@a514af7]" name="endTest" is-config="true" duration-ms="804" started-at="2019-12-05T12:22:22Z" finished-at="2019-12-05T12:22:23Z">
          <reporter-output>
          </reporter-output>
        </test-method> <!-- endTest -->
      </class> <!-- com.test.automation.FMSV12_Japan.vehiclereports.TC210_VerifyActivity_UnauthorizedRoadReport -->
      <class name="com.test.automation.FMSV12_Japan.vehiclereports.TC213_VerifyActivity_WorkandDriveHourReport">
        <test-method status="PASS" signature="setUp(java.lang.String)[pri:0, instance:com.test.automation.FMSV12_Japan.vehiclereports.TC213_VerifyActivity_WorkandDriveHourReport@4fb61f4a]" name="setUp" is-config="true" duration-ms="28091" started-at="2019-12-05T12:30:00Z" finished-at="2019-12-05T12:30:28Z">
          <params>
            <param index="0">
              <value>
                <![CDATA[chrome]]>
              </value>
            </param>
          </params>
          <reporter-output>
          </reporter-output>
        </test-method> <!-- setUp -->
        <test-method status="PASS" signature="beforeMethod(java.lang.reflect.Method)[pri:0, instance:com.test.automation.FMSV12_Japan.vehiclereports.TC213_VerifyActivity_WorkandDriveHourReport@4fb61f4a]" name="beforeMethod" is-config="true" duration-ms="15" started-at="2019-12-05T12:30:28Z" finished-at="2019-12-05T12:30:28Z">
          <params>
            <param index="0">
              <value>
                <![CDATA[public void com.test.automation.FMSV12_Japan.vehiclereports.TC213_VerifyActivity_WorkandDriveHourReport.ActivityOption_workandDriveHourReport(java.lang.String,java.lang.String,java.lang.String) throws java.lang.Exception]]>
              </value>
            </param>
          </params>
          <reporter-output>
          </reporter-output>
        </test-method> <!-- beforeMethod -->
        <test-method status="PASS" signature="ActivityOption_workandDriveHourReport(java.lang.String, java.lang.String, java.lang.String)[pri:0, instance:com.test.automation.FMSV12_Japan.vehiclereports.TC213_VerifyActivity_WorkandDriveHourReport@4fb61f4a]" name="ActivityOption_workandDriveHourReport" duration-ms="199967" started-at="2019-12-05T12:30:28Z" data-provider="getDataFromExcel" finished-at="2019-12-05T12:33:48Z">
          <params>
            <param index="0">
              <value>
                <![CDATA[Meiko]]>
              </value>
            </param>
            <param index="1">
              <value>
                <![CDATA[welcome]]>
              </value>
            </param>
            <param index="2">
              <value>
                <![CDATA[y]]>
              </value>
            </param>
          </params>
          <reporter-output>
            <line>
              <![CDATA[Test is started:ActivityOption_workandDriveHourReport]]>
            </line>
            <line>
              <![CDATA[=========>Started--->Verifying Activity Report->Work and Drive Hour Report]]>
            </line>
            <line>
              <![CDATA[Entered login id====>>Meiko and object is[[ChromeDriver: chrome on XP (0469243d604b42b445c64022777bd8f0)] -> xpath: //*[@id='username']]]]>
            </line>
            <line>
              <![CDATA[Entered password====>>welcome and object is[[ChromeDriver: chrome on XP (0469243d604b42b445c64022777bd8f0)] -> xpath: //*[@id='password']]]]>
            </line>
            <line>
              <![CDATA[Clicked on submit button isProxy element for: DefaultElementLocator 'By.cssSelector: button[type='submit']']]>
            </line>
            <line>
              <![CDATA[Dashboard Window Title: FMS - Dashboard | General]]>
            </line>
            <line>
              <![CDATA[Clicked on hamburger icon id====>>[[ChromeDriver: chrome on XP (0469243d604b42b445c64022777bd8f0)] -> xpath: //div[@class='sidebar-toggler hidden-phone']] and object is[[ChromeDriver: chrome on XP (0469243d604b42b445c64022777bd8f0)] -> xpath: //div[@class='sidebar-toggler hidden-phone']]]]>
            </line>
            <line>
              <![CDATA[Clicked on master id====>>[[ChromeDriver: chrome on XP (0469243d604b42b445c64022777bd8f0)] -> xpath: //li[@id='lnk3']/a] and object is[[ChromeDriver: chrome on XP (0469243d604b42b445c64022777bd8f0)] -> xpath: //li[@id='lnk3']/a]]]>
            </line>
            <line>
              <![CDATA[Clicked on general id====>>[[ChromeDriver: chrome on XP (0469243d604b42b445c64022777bd8f0)] -> xpath: //li[@id='lnk24']/a] and object is[[ChromeDriver: chrome on XP (0469243d604b42b445c64022777bd8f0)] -> xpath: //li[@id='lnk24']/a]]]>
            </line>
            <line>
              <![CDATA[Clicked on activity id====>>[[ChromeDriver: chrome on XP (0469243d604b42b445c64022777bd8f0)] -> xpath: //li[@id='lnk30']/a] and object is[[ChromeDriver: chrome on XP (0469243d604b42b445c64022777bd8f0)] -> xpath: //li[@id='lnk30']/a]]]>
            </line>
            <line>
              <![CDATA[Parent Window Title: FMS - Reports|Activity Report]]>
            </line>
            <line>
              <![CDATA[Entered from Date]]>
            </line>
            <line>
              <![CDATA[Entered to Date]]>
            </line>
            <line>
              <![CDATA[Clicked on select Vehicle dropdow]]>
            </line>
            <line>
              <![CDATA[Selected Vehicle from vehicle dropdown====>>Proxy element for: DefaultElementLocator 'By.cssSelector: #select2-drop > ul > li:nth-child(1) > div' and object isProxy element for: DefaultElementLocator 'By.cssSelector: #select2-drop > ul > li:nth-child(1) > div']]>
            </line>
            <line>
              <![CDATA[Clicked on Pagination id====>>[[ChromeDriver: chrome on XP (0469243d604b42b445c64022777bd8f0)] -> xpath: //*[@id='pageassociated']/div] and object is[[ChromeDriver: chrome on XP (0469243d604b42b445c64022777bd8f0)] -> xpath: //*[@id='pageassociated']/div]]]>
            </line>
            <line>
              <![CDATA[Clicked on generateReport id====>>[[ChromeDriver: chrome on XP (0469243d604b42b445c64022777bd8f0)] -> xpath: //button[@id='generateReport']] and object is[[ChromeDriver: chrome on XP (0469243d604b42b445c64022777bd8f0)] -> xpath: //button[@id='generateReport']]]]>
            </line>
            <line>
              <![CDATA[Clicked on Violation count hyper link]]>
            </line>
            <line>
              <![CDATA[Switching to Child Window: CDwindow-D919A1C75600327F275C677361B0072E]]>
            </line>
            <line>
              <![CDATA[Child Window Title: FMS - Reports|Daily Violation Report]]>
            </line>
            <line>
              <![CDATA[Clicked on Work and Drive Hour Report hyper link]]>
            </line>
            <line>
              <![CDATA[Switching to Sub Child Window: CDwindow-94604F166E50E25B32E15B16CC1F2160]]>
            </line>
            <line>
              <![CDATA[Sub Child Window Title: FMS - Reports|Work and Drive Hours Report Report]]>
            </line>
            <line>
              <![CDATA[Scrolling page]]>
            </line>
            <line>
              <![CDATA[Total Number of columns count in a table: 8]]>
            </line>
            <line>
              <![CDATA[Total Number of rows count in a table: 2]]>
            </line>
            <line>
              <![CDATA[=========>Finished--->Verifying Activity Report->Work and Drive Hour Report]]>
            </line>
            <line>
              <![CDATA[<a href='C:\Users\nagarjuna\git\MDVR_Meiko\FMSV12_Japan\src\main\java\com\test\automation\FMSV12_Japan\failure_screenshots\ActivityOption_workandDriveHourReport_05_12_2019_06_03_48.png'> <img src='C:\Users\nagarjuna\git\MDVR_Meiko\FMSV12_Japan\src\main\java\com\test\automation\FMSV12_Japan\failure_screenshots\ActivityOption_workandDriveHourReport_05_12_2019_06_03_48.png' height='100' width='100'/> </a>]]>
            </line>
          </reporter-output>
        </test-method> <!-- ActivityOption_workandDriveHourReport -->
        <test-method status="PASS" signature="afterMethod(org.testng.ITestResult)[pri:0, instance:com.test.automation.FMSV12_Japan.vehiclereports.TC213_VerifyActivity_WorkandDriveHourReport@4fb61f4a]" name="afterMethod" is-config="true" duration-ms="391" started-at="2019-12-05T12:33:48Z" finished-at="2019-12-05T12:33:49Z">
          <params>
            <param index="0">
              <value>
                <![CDATA[[TestResult name=ActivityOption_workandDriveHourReport status=SUCCESS method=TC213_VerifyActivity_WorkandDriveHourReport.ActivityOption_workandDriveHourReport(java.lang.String, java.lang.String, java.lang.String)[pri:0, instance:com.test.automation.FMSV12_Japan.vehiclereports.TC213_VerifyActivity_WorkandDriveHourReport@4fb61f4a] output=Test is started:ActivityOption_workandDriveHourReport]]]>
              </value>
            </param>
          </params>
          <reporter-output>
            <line>
              <![CDATA[<a href='C:\src\main\java\com\test\automation\FMSV12_Japan\screenshot\Screenshot-05_12_2019_06_03_48.png'><img src='C:\src\main\java\com\test\automation\FMSV12_Japan\screenshot\Screenshot-05_12_2019_06_03_48.png' height='100' width='100'/></a>]]>
            </line>
          </reporter-output>
        </test-method> <!-- afterMethod -->
        <test-method status="PASS" signature="endTest()[pri:0, instance:com.test.automation.FMSV12_Japan.vehiclereports.TC213_VerifyActivity_WorkandDriveHourReport@4fb61f4a]" name="endTest" is-config="true" duration-ms="745" started-at="2019-12-05T12:33:49Z" finished-at="2019-12-05T12:33:49Z">
          <reporter-output>
          </reporter-output>
        </test-method> <!-- endTest -->
      </class> <!-- com.test.automation.FMSV12_Japan.vehiclereports.TC213_VerifyActivity_WorkandDriveHourReport -->
      <class name="com.test.automation.FMSV12_Japan.vehiclereports.TC212_VerifyActivity_DynamicTripSummaryReport">
        <test-method status="PASS" signature="setUp(java.lang.String)[pri:0, instance:com.test.automation.FMSV12_Japan.vehiclereports.TC212_VerifyActivity_DynamicTripSummaryReport@3e58a80e]" name="setUp" is-config="true" duration-ms="24949" started-at="2019-12-05T12:26:10Z" finished-at="2019-12-05T12:26:35Z">
          <params>
            <param index="0">
              <value>
                <![CDATA[chrome]]>
              </value>
            </param>
          </params>
          <reporter-output>
          </reporter-output>
        </test-method> <!-- setUp -->
        <test-method status="PASS" signature="beforeMethod(java.lang.reflect.Method)[pri:0, instance:com.test.automation.FMSV12_Japan.vehiclereports.TC212_VerifyActivity_DynamicTripSummaryReport@3e58a80e]" name="beforeMethod" is-config="true" duration-ms="16" started-at="2019-12-05T12:26:35Z" finished-at="2019-12-05T12:26:35Z">
          <params>
            <param index="0">
              <value>
                <![CDATA[public void com.test.automation.FMSV12_Japan.vehiclereports.TC212_VerifyActivity_DynamicTripSummaryReport.ActivityOption_dynamicTripSummaryReport(java.lang.String,java.lang.String,java.lang.String) throws java.lang.Exception]]>
              </value>
            </param>
          </params>
          <reporter-output>
          </reporter-output>
        </test-method> <!-- beforeMethod -->
        <test-method status="PASS" signature="ActivityOption_dynamicTripSummaryReport(java.lang.String, java.lang.String, java.lang.String)[pri:0, instance:com.test.automation.FMSV12_Japan.vehiclereports.TC212_VerifyActivity_DynamicTripSummaryReport@3e58a80e]" name="ActivityOption_dynamicTripSummaryReport" duration-ms="203005" started-at="2019-12-05T12:26:35Z" data-provider="getDataFromExcel" finished-at="2019-12-05T12:29:58Z">
          <params>
            <param index="0">
              <value>
                <![CDATA[Meiko]]>
              </value>
            </param>
            <param index="1">
              <value>
                <![CDATA[welcome]]>
              </value>
            </param>
            <param index="2">
              <value>
                <![CDATA[y]]>
              </value>
            </param>
          </params>
          <reporter-output>
            <line>
              <![CDATA[Test is started:ActivityOption_dynamicTripSummaryReport]]>
            </line>
            <line>
              <![CDATA[=========>Started--->Verifying Activity Report->Dynamic Trip Summary Report]]>
            </line>
            <line>
              <![CDATA[Entered login id====>>Meiko and object is[[ChromeDriver: chrome on XP (d08040f24d8aa086bf440796dd653bc2)] -> xpath: //*[@id='username']]]]>
            </line>
            <line>
              <![CDATA[Entered password====>>welcome and object is[[ChromeDriver: chrome on XP (d08040f24d8aa086bf440796dd653bc2)] -> xpath: //*[@id='password']]]]>
            </line>
            <line>
              <![CDATA[Clicked on submit button isProxy element for: DefaultElementLocator 'By.cssSelector: button[type='submit']']]>
            </line>
            <line>
              <![CDATA[Dashboard Window Title: FMS - Dashboard | General]]>
            </line>
            <line>
              <![CDATA[Clicked on hamburger icon id====>>[[ChromeDriver: chrome on XP (d08040f24d8aa086bf440796dd653bc2)] -> xpath: //div[@class='sidebar-toggler hidden-phone']] and object is[[ChromeDriver: chrome on XP (d08040f24d8aa086bf440796dd653bc2)] -> xpath: //div[@class='sidebar-toggler hidden-phone']]]]>
            </line>
            <line>
              <![CDATA[Clicked on master id====>>[[ChromeDriver: chrome on XP (d08040f24d8aa086bf440796dd653bc2)] -> xpath: //li[@id='lnk3']/a] and object is[[ChromeDriver: chrome on XP (d08040f24d8aa086bf440796dd653bc2)] -> xpath: //li[@id='lnk3']/a]]]>
            </line>
            <line>
              <![CDATA[Clicked on general id====>>[[ChromeDriver: chrome on XP (d08040f24d8aa086bf440796dd653bc2)] -> xpath: //li[@id='lnk24']/a] and object is[[ChromeDriver: chrome on XP (d08040f24d8aa086bf440796dd653bc2)] -> xpath: //li[@id='lnk24']/a]]]>
            </line>
            <line>
              <![CDATA[Clicked on activity id====>>[[ChromeDriver: chrome on XP (d08040f24d8aa086bf440796dd653bc2)] -> xpath: //li[@id='lnk30']/a] and object is[[ChromeDriver: chrome on XP (d08040f24d8aa086bf440796dd653bc2)] -> xpath: //li[@id='lnk30']/a]]]>
            </line>
            <line>
              <![CDATA[Parent Window Title: FMS - Reports|Activity Report]]>
            </line>
            <line>
              <![CDATA[Entered from Date]]>
            </line>
            <line>
              <![CDATA[Entered to Date]]>
            </line>
            <line>
              <![CDATA[Clicked on select Vehicle dropdow]]>
            </line>
            <line>
              <![CDATA[Selected Vehicle from vehicle dropdown====>>Proxy element for: DefaultElementLocator 'By.cssSelector: #select2-drop > ul > li:nth-child(1) > div' and object isProxy element for: DefaultElementLocator 'By.cssSelector: #select2-drop > ul > li:nth-child(1) > div']]>
            </line>
            <line>
              <![CDATA[Clicked on Pagination id====>>[[ChromeDriver: chrome on XP (d08040f24d8aa086bf440796dd653bc2)] -> xpath: //*[@id='pageassociated']/div] and object is[[ChromeDriver: chrome on XP (d08040f24d8aa086bf440796dd653bc2)] -> xpath: //*[@id='pageassociated']/div]]]>
            </line>
            <line>
              <![CDATA[Clicked on generateReport id====>>[[ChromeDriver: chrome on XP (d08040f24d8aa086bf440796dd653bc2)] -> xpath: //button[@id='generateReport']] and object is[[ChromeDriver: chrome on XP (d08040f24d8aa086bf440796dd653bc2)] -> xpath: //button[@id='generateReport']]]]>
            </line>
            <line>
              <![CDATA[Clicked on Violation count hyper link]]>
            </line>
            <line>
              <![CDATA[Switching to Child Window: CDwindow-D4DAD97A9655FD99EC2D5EC8C5B5ACA8]]>
            </line>
            <line>
              <![CDATA[Child Window Title: FMS - Reports|Daily Violation Report]]>
            </line>
            <line>
              <![CDATA[Clicked on Dynamic Trip Summary Report hyper link]]>
            </line>
            <line>
              <![CDATA[Switching to Sub Child Window: CDwindow-44F571EB8D0432722185A702FBC4CD6C]]>
            </line>
            <line>
              <![CDATA[Sub Child Window Title: FMS - Reports|Dynamic Trip Summary Report]]>
            </line>
            <line>
              <![CDATA[Scrolling page]]>
            </line>
            <line>
              <![CDATA[Total Number of columns count in a table: 14]]>
            </line>
            <line>
              <![CDATA[Total Number of rows count in a table: 1]]>
            </line>
            <line>
              <![CDATA[=========>Finished--->Verifying Activity Report->Dynamic Trip Summary Report]]>
            </line>
            <line>
              <![CDATA[<a href='C:\Users\nagarjuna\git\MDVR_Meiko\FMSV12_Japan\src\main\java\com\test\automation\FMSV12_Japan\failure_screenshots\ActivityOption_dynamicTripSummaryReport_05_12_2019_05_59_58.png'> <img src='C:\Users\nagarjuna\git\MDVR_Meiko\FMSV12_Japan\src\main\java\com\test\automation\FMSV12_Japan\failure_screenshots\ActivityOption_dynamicTripSummaryReport_05_12_2019_05_59_58.png' height='100' width='100'/> </a>]]>
            </line>
          </reporter-output>
        </test-method> <!-- ActivityOption_dynamicTripSummaryReport -->
        <test-method status="PASS" signature="afterMethod(org.testng.ITestResult)[pri:0, instance:com.test.automation.FMSV12_Japan.vehiclereports.TC212_VerifyActivity_DynamicTripSummaryReport@3e58a80e]" name="afterMethod" is-config="true" duration-ms="387" started-at="2019-12-05T12:29:59Z" finished-at="2019-12-05T12:29:59Z">
          <params>
            <param index="0">
              <value>
                <![CDATA[[TestResult name=ActivityOption_dynamicTripSummaryReport status=SUCCESS method=TC212_VerifyActivity_DynamicTripSummaryReport.ActivityOption_dynamicTripSummaryReport(java.lang.String, java.lang.String, java.lang.String)[pri:0, instance:com.test.automation.FMSV12_Japan.vehiclereports.TC212_VerifyActivity_DynamicTripSummaryReport@3e58a80e] output=Test is started:ActivityOption_dynamicTripSummaryReport]]]>
              </value>
            </param>
          </params>
          <reporter-output>
            <line>
              <![CDATA[<a href='C:\src\main\java\com\test\automation\FMSV12_Japan\screenshot\Screenshot-05_12_2019_05_59_59.png'><img src='C:\src\main\java\com\test\automation\FMSV12_Japan\screenshot\Screenshot-05_12_2019_05_59_59.png' height='100' width='100'/></a>]]>
            </line>
          </reporter-output>
        </test-method> <!-- afterMethod -->
        <test-method status="PASS" signature="endTest()[pri:0, instance:com.test.automation.FMSV12_Japan.vehiclereports.TC212_VerifyActivity_DynamicTripSummaryReport@3e58a80e]" name="endTest" is-config="true" duration-ms="735" started-at="2019-12-05T12:29:59Z" finished-at="2019-12-05T12:30:00Z">
          <reporter-output>
          </reporter-output>
        </test-method> <!-- endTest -->
      </class> <!-- com.test.automation.FMSV12_Japan.vehiclereports.TC212_VerifyActivity_DynamicTripSummaryReport -->
    </test> <!-- ChromeBrowser -->
    <test name="FirefoxBrowser" duration-ms="0" started-at="2019-12-05T12:33:49Z" finished-at="2019-12-05T12:33:49Z">
    </test> <!-- FirefoxBrowser -->
    <test name="IEBrowser" duration-ms="0" started-at="2019-12-05T12:33:49Z" finished-at="2019-12-05T12:33:49Z">
    </test> <!-- IEBrowser -->
  </suite> <!-- Regression suite 1 -->
</testng-results>
